Using pre-set license
Built from '2022.3/staging' branch; Version is '2022.3.43f1 (85497d293fa1) revision 8735101'; Using compiler version '192829333'; Build Type 'Release'
OS: 'Windows 11  (10.0.26100) 64bit Professional' Language: 'pt' Physical Memory: 16221 MB
BatchMode: 1, IsHumanControllingUs: 0, StartBugReporterOnCrash: 0, Is64bit: 1, IsPro: 1

COMMAND LINE ARGUMENTS:
C:\Program Files\Unity\Hub\Editor\2022.3.43f1\Editor\Unity.exe
-adb2
-batchMode
-noUpm
-name
AssetImportWorker0
-projectPath
D:/projeto Interantar/CorridaAntartica/Corrida-antartica/CorridaAntartica2
-logFile
Logs/AssetImportWorker0.log
-srvPort
61471
Successfully changed project path to: D:/projeto Interantar/CorridaAntartica/Corrida-antartica/CorridaAntartica2
D:/projeto Interantar/CorridaAntartica/Corrida-antartica/CorridaAntartica2
[UnityMemory] Configuration Parameters - Can be set up in boot.config
    "memorysetup-bucket-allocator-granularity=16"
    "memorysetup-bucket-allocator-bucket-count=8"
    "memorysetup-bucket-allocator-block-size=33554432"
    "memorysetup-bucket-allocator-block-count=8"
    "memorysetup-main-allocator-block-size=16777216"
    "memorysetup-thread-allocator-block-size=16777216"
    "memorysetup-gfx-main-allocator-block-size=16777216"
    "memorysetup-gfx-thread-allocator-block-size=16777216"
    "memorysetup-cache-allocator-block-size=4194304"
    "memorysetup-typetree-allocator-block-size=2097152"
    "memorysetup-profiler-bucket-allocator-granularity=16"
    "memorysetup-profiler-bucket-allocator-bucket-count=8"
    "memorysetup-profiler-bucket-allocator-block-size=33554432"
    "memorysetup-profiler-bucket-allocator-block-count=8"
    "memorysetup-profiler-allocator-block-size=16777216"
    "memorysetup-profiler-editor-allocator-block-size=1048576"
    "memorysetup-temp-allocator-size-main=16777216"
    "memorysetup-job-temp-allocator-block-size=2097152"
    "memorysetup-job-temp-allocator-block-size-background=1048576"
    "memorysetup-job-temp-allocator-reduction-small-platforms=262144"
    "memorysetup-allocator-temp-initial-block-size-main=262144"
    "memorysetup-allocator-temp-initial-block-size-worker=262144"
    "memorysetup-temp-allocator-size-background-worker=32768"
    "memorysetup-temp-allocator-size-job-worker=262144"
    "memorysetup-temp-allocator-size-preload-manager=33554432"
    "memorysetup-temp-allocator-size-nav-mesh-worker=65536"
    "memorysetup-temp-allocator-size-audio-worker=65536"
    "memorysetup-temp-allocator-size-cloud-worker=32768"
    "memorysetup-temp-allocator-size-gi-baking-worker=262144"
    "memorysetup-temp-allocator-size-gfx=262144"
Player connection [42948]  Target information:

Player connection [42948]  * "[IP] 192.168.15.2 [Port] 0 [Flags] 2 [Guid] 2035244906 [EditorId] 2035244906 [Version] 1048832 [Id] WindowsEditor(7,Luiz) [Debug] 1 [PackageName] WindowsEditor [ProjectName] Editor" 

Player connection [42948] Host joined multi-casting on [225.0.0.222:54997]...
Player connection [42948] Host joined alternative multi-casting on [225.0.0.222:34997]...
[PhysX] Initialized MultithreadedTaskDispatcher with 8 workers.
Refreshing native plugins compatible for Editor in 14.69 ms, found 4 plugins.
Preloading 0 native plugins for Editor in 0.00 ms.
Initialize engine version: 2022.3.43f1 (85497d293fa1)
[Subsystems] Discovering subsystems at path C:/Program Files/Unity/Hub/Editor/2022.3.43f1/Editor/Data/Resources/UnitySubsystems
[Subsystems] Discovering subsystems at path D:/projeto Interantar/CorridaAntartica/Corrida-antartica/CorridaAntartica2/Assets
GfxDevice: creating device client; threaded=0; jobified=0
Direct3D:
    Version:  Direct3D 11.0 [level 11.1]
    Renderer: NVIDIA GeForce GTX 1650 (ID=0x1f91)
    Vendor:   NVIDIA
    VRAM:     3935 MB
    Driver:   32.0.15.6109
Initialize mono
Mono path[0] = 'C:/Program Files/Unity/Hub/Editor/2022.3.43f1/Editor/Data/Managed'
Mono path[1] = 'C:/Program Files/Unity/Hub/Editor/2022.3.43f1/Editor/Data/MonoBleedingEdge/lib/mono/unityjit-win32'
Mono config path = 'C:/Program Files/Unity/Hub/Editor/2022.3.43f1/Editor/Data/MonoBleedingEdge/etc'
Using monoOptions --debugger-agent=transport=dt_socket,embedding=1,server=y,suspend=n,address=127.0.0.1:56792
Begin MonoManager ReloadAssembly
Registering precompiled unity dll's ...
Register platform support module: C:/Program Files/Unity/Hub/Editor/2022.3.43f1/Editor/Data/PlaybackEngines/AndroidPlayer/UnityEditor.Android.Extensions.dll
Register platform support module: C:/Program Files/Unity/Hub/Editor/2022.3.43f1/Editor/Data/PlaybackEngines/WindowsStandaloneSupport/UnityEditor.WindowsStandalone.Extensions.dll
Registered in 0.014703 seconds.
- Loaded All Assemblies, in  0.509 seconds
Native extension for WindowsStandalone target not found
Native extension for Android target not found
Android Extension - Scanning For ADB Devices 332 ms
Mono: successfully reloaded assembly
- Finished resetting the current domain, in  0.739 seconds
Domain Reload Profiling: 1245ms
	BeginReloadAssembly (153ms)
		ExecutionOrderSort (0ms)
		DisableScriptedObjects (0ms)
		BackupInstance (0ms)
		ReleaseScriptingObjects (0ms)
		CreateAndSetChildDomain (1ms)
	RebuildCommonClasses (47ms)
	RebuildNativeTypeToScriptingClass (14ms)
	initialDomainReloadingComplete (87ms)
	LoadAllAssembliesAndSetupDomain (205ms)
		LoadAssemblies (151ms)
		RebuildTransferFunctionScriptingTraits (0ms)
		AnalyzeDomain (202ms)
			TypeCache.Refresh (199ms)
				TypeCache.ScanAssembly (181ms)
			ScanForSourceGeneratedMonoScriptInfo (0ms)
			ResolveRequiredComponents (0ms)
	FinalizeReload (739ms)
		ReleaseScriptCaches (0ms)
		RebuildScriptCaches (0ms)
		SetupLoadedEditorAssemblies (678ms)
			LogAssemblyErrors (0ms)
			InitializePlatformSupportModulesInManaged (434ms)
			SetLoadedEditorAssemblies (6ms)
			RefreshPlugins (0ms)
			BeforeProcessingInitializeOnLoad (4ms)
			ProcessInitializeOnLoadAttributes (174ms)
			ProcessInitializeOnLoadMethodAttributes (61ms)
			AfterProcessingInitializeOnLoad (0ms)
			EditorAssembliesLoaded (0ms)
		ExecutionOrderSort2 (0ms)
		AwakeInstancesAfterBackupRestoration (0ms)
========================================================================
Worker process is ready to serve import requests
Caller must complete domain reload
Begin MonoManager ReloadAssembly
- Loaded All Assemblies, in  0.951 seconds
Native extension for WindowsStandalone target not found
Native extension for Android target not found
Package Manager log level set to [2]
[Package Manager] Server::EnsureServerProcessIsRunning -- launch failed, reason: Unity was launched with the -noUpm command-line argument
[Package Manager] UpmClient::Send -- Unable to send message (not connected to UPM process).
[Package Manager] Cannot connect to Unity Package Manager local server
Mono: successfully reloaded assembly
- Finished resetting the current domain, in  1.073 seconds
Domain Reload Profiling: 2021ms
	BeginReloadAssembly (218ms)
		ExecutionOrderSort (0ms)
		DisableScriptedObjects (7ms)
		BackupInstance (0ms)
		ReleaseScriptingObjects (0ms)
		CreateAndSetChildDomain (31ms)
	RebuildCommonClasses (44ms)
	RebuildNativeTypeToScriptingClass (14ms)
	initialDomainReloadingComplete (59ms)
	LoadAllAssembliesAndSetupDomain (612ms)
		LoadAssemblies (478ms)
		RebuildTransferFunctionScriptingTraits (0ms)
		AnalyzeDomain (266ms)
			TypeCache.Refresh (229ms)
				TypeCache.ScanAssembly (205ms)
			ScanForSourceGeneratedMonoScriptInfo (27ms)
			ResolveRequiredComponents (7ms)
	FinalizeReload (1074ms)
		ReleaseScriptCaches (0ms)
		RebuildScriptCaches (0ms)
		SetupLoadedEditorAssemblies (854ms)
			LogAssemblyErrors (0ms)
			InitializePlatformSupportModulesInManaged (26ms)
			SetLoadedEditorAssemblies (4ms)
			RefreshPlugins (0ms)
			BeforeProcessingInitializeOnLoad (89ms)
			ProcessInitializeOnLoadAttributes (668ms)
			ProcessInitializeOnLoadMethodAttributes (57ms)
			AfterProcessingInitializeOnLoad (10ms)
			EditorAssembliesLoaded (0ms)
		ExecutionOrderSort2 (0ms)
		AwakeInstancesAfterBackupRestoration (8ms)
Launched and connected shader compiler UnityShaderCompiler.exe after 0.06 seconds
Refreshing native plugins compatible for Editor in 8.90 ms, found 4 plugins.
Preloading 0 native plugins for Editor in 0.00 ms.
Unloading 4067 Unused Serialized files (Serialized files now loaded: 0)
Unloading 38 unused Assets / (241.4 KB). Loaded Objects now: 4538.
Memory consumption went from 145.5 MB to 145.2 MB.
Total: 8.136100 ms (FindLiveObjects: 0.558400 ms CreateObjectMapping: 0.760500 ms MarkObjects: 6.550800 ms  DeleteObjects: 0.264600 ms)

AssetImportParameters requested are different than current active one (requested -> active):
  custom:container-demuxer-ogg: 62fdf1f143b41e24485cea50d1cbac27 -> 
  custom:video-decoder-ogg-theora: a1e56fd34408186e4bbccfd4996cb3dc -> 
  custom:framework-win-MediaFoundation: 216162199b28c13a410421893ffa2e32 -> 
  custom:CustomObjectIndexerAttribute: 9a22284fe3817be447336de3de66b15e -> 
  custom:container-demuxer-webm: 4f35f7cbe854078d1ac9338744f61a02 -> 
  custom:container-muxer-webm: aa71ff27fc2769a1b78a27578f13a17b -> 
  custom:video-decoder-webm-vp8: 9c59270c3fd7afecdb556c50c9e8de78 -> 
  custom:SearchIndexIgnoredProperties: e643bd26f0fe6173181afceb89e7c659 -> 
  custom:AudioImporter_EditorPlatform: d09bf68614088b80899f8185d706f6e7 -> 
  custom:video-encoder-webm-vp8: eb34c28f22e8b96e1ab97ce403110664 -> 
  custom:audio-decoder-ogg-vorbis: bf7c407c2cedff20999df2af8eb42d56 -> 
  custom:audio-encoder-webm-vorbis: bf7c407c2cedff20999df2af8eb42d56 -> 
========================================================================
Received Prepare
Caller must complete domain reload
Begin MonoManager ReloadAssembly
- Loaded All Assemblies, in  1.220 seconds
Native extension for WindowsStandalone target not found
Native extension for Android target not found
[Package Manager] Server::EnsureServerProcessIsRunning -- launch failed, reason: Unity was launched with the -noUpm command-line argument
[Package Manager] UpmClient::Send -- Unable to send message (not connected to UPM process).
[Package Manager] Cannot connect to Unity Package Manager local server
Mono: successfully reloaded assembly
- Finished resetting the current domain, in  0.884 seconds
Domain Reload Profiling: 2102ms
	BeginReloadAssembly (815ms)
		ExecutionOrderSort (0ms)
		DisableScriptedObjects (601ms)
		BackupInstance (0ms)
		ReleaseScriptingObjects (0ms)
		CreateAndSetChildDomain (49ms)
	RebuildCommonClasses (51ms)
	RebuildNativeTypeToScriptingClass (15ms)
	initialDomainReloadingComplete (43ms)
	LoadAllAssembliesAndSetupDomain (293ms)
		LoadAssemblies (388ms)
		RebuildTransferFunctionScriptingTraits (0ms)
		AnalyzeDomain (33ms)
			TypeCache.Refresh (12ms)
				TypeCache.ScanAssembly (1ms)
			ScanForSourceGeneratedMonoScriptInfo (12ms)
			ResolveRequiredComponents (7ms)
	FinalizeReload (885ms)
		ReleaseScriptCaches (0ms)
		RebuildScriptCaches (0ms)
		SetupLoadedEditorAssemblies (674ms)
			LogAssemblyErrors (0ms)
			InitializePlatformSupportModulesInManaged (24ms)
			SetLoadedEditorAssemblies (4ms)
			RefreshPlugins (0ms)
			BeforeProcessingInitializeOnLoad (79ms)
			ProcessInitializeOnLoadAttributes (516ms)
			ProcessInitializeOnLoadMethodAttributes (41ms)
			AfterProcessingInitializeOnLoad (11ms)
			EditorAssembliesLoaded (0ms)
		ExecutionOrderSort2 (0ms)
		AwakeInstancesAfterBackupRestoration (14ms)
Refreshing native plugins compatible for Editor in 7.46 ms, found 4 plugins.
Preloading 0 native plugins for Editor in 0.00 ms.
Unloading 4049 Unused Serialized files (Serialized files now loaded: 0)
Unloading 25 unused Assets / (213.7 KB). Loaded Objects now: 4543.
Memory consumption went from 141.7 MB to 141.5 MB.
Total: 7.051700 ms (FindLiveObjects: 0.460100 ms CreateObjectMapping: 0.547100 ms MarkObjects: 5.848700 ms  DeleteObjects: 0.194300 ms)

Prepare: number of updated asset objects reloaded= 0
AssetImportParameters requested are different than current active one (requested -> active):
  custom:container-demuxer-ogg: 62fdf1f143b41e24485cea50d1cbac27 -> 
  custom:video-decoder-ogg-theora: a1e56fd34408186e4bbccfd4996cb3dc -> 
  custom:framework-win-MediaFoundation: 216162199b28c13a410421893ffa2e32 -> 
  custom:CustomObjectIndexerAttribute: 9a22284fe3817be447336de3de66b15e -> 
  custom:container-demuxer-webm: 4f35f7cbe854078d1ac9338744f61a02 -> 
  custom:container-muxer-webm: aa71ff27fc2769a1b78a27578f13a17b -> 
  custom:video-decoder-webm-vp8: 9c59270c3fd7afecdb556c50c9e8de78 -> 
  custom:SearchIndexIgnoredProperties: e643bd26f0fe6173181afceb89e7c659 -> 
  custom:AudioImporter_EditorPlatform: d09bf68614088b80899f8185d706f6e7 -> 
  custom:video-encoder-webm-vp8: eb34c28f22e8b96e1ab97ce403110664 -> 
  custom:audio-decoder-ogg-vorbis: bf7c407c2cedff20999df2af8eb42d56 -> 
  custom:audio-encoder-webm-vorbis: bf7c407c2cedff20999df2af8eb42d56 -> 
========================================================================
Received Import Request.
  Time since last request: 830562.823170 seconds.
  path: Assets/Player/SO/GoodEnding.asset
  artifactKey: Guid(706b2d6d4606ceb439065bf2a46ab02e) Importer(815301076,1909f56bfc062723c751e8b465ee728b)
Start importing Assets/Player/SO/GoodEnding.asset using Guid(706b2d6d4606ceb439065bf2a46ab02e) Importer(815301076,1909f56bfc062723c751e8b465ee728b) [PhysX] Initialized MultithreadedTaskDispatcher with 8 workers.
 -> (artifact id: '3286c3153100dcb4839b3522802be895') in 0.016858 seconds
Number of updated asset objects reloaded before import = 0
Number of asset objects unloaded after import = 1
========================================================================
Received Prepare
Caller must complete domain reload
Begin MonoManager ReloadAssembly
- Loaded All Assemblies, in  0.634 seconds
Native extension for WindowsStandalone target not found
Native extension for Android target not found
[Package Manager] Server::EnsureServerProcessIsRunning -- launch failed, reason: Unity was launched with the -noUpm command-line argument
[Package Manager] UpmClient::Send -- Unable to send message (not connected to UPM process).
[Package Manager] Cannot connect to Unity Package Manager local server
Mono: successfully reloaded assembly
- Finished resetting the current domain, in  1.471 seconds
Domain Reload Profiling: 2101ms
	BeginReloadAssembly (205ms)
		ExecutionOrderSort (0ms)
		DisableScriptedObjects (15ms)
		BackupInstance (0ms)
		ReleaseScriptingObjects (0ms)
		CreateAndSetChildDomain (42ms)
	RebuildCommonClasses (46ms)
	RebuildNativeTypeToScriptingClass (21ms)
	initialDomainReloadingComplete (46ms)
	LoadAllAssembliesAndSetupDomain (312ms)
		LoadAssemblies (390ms)
		RebuildTransferFunctionScriptingTraits (0ms)
		AnalyzeDomain (35ms)
			TypeCache.Refresh (13ms)
				TypeCache.ScanAssembly (1ms)
			ScanForSourceGeneratedMonoScriptInfo (13ms)
			ResolveRequiredComponents (8ms)
	FinalizeReload (1471ms)
		ReleaseScriptCaches (0ms)
		RebuildScriptCaches (0ms)
		SetupLoadedEditorAssemblies (748ms)
			LogAssemblyErrors (0ms)
			InitializePlatformSupportModulesInManaged (27ms)
			SetLoadedEditorAssemblies (4ms)
			RefreshPlugins (0ms)
			BeforeProcessingInitializeOnLoad (87ms)
			ProcessInitializeOnLoadAttributes (583ms)
			ProcessInitializeOnLoadMethodAttributes (37ms)
			AfterProcessingInitializeOnLoad (9ms)
			EditorAssembliesLoaded (0ms)
		ExecutionOrderSort2 (0ms)
		AwakeInstancesAfterBackupRestoration (13ms)
Refreshing native plugins compatible for Editor in 4.87 ms, found 4 plugins.
Preloading 0 native plugins for Editor in 0.00 ms.
Unloading 4048 Unused Serialized files (Serialized files now loaded: 0)
Unloading 25 unused Assets / (213.9 KB). Loaded Objects now: 4548.
Memory consumption went from 141.5 MB to 141.2 MB.
Total: 4.116700 ms (FindLiveObjects: 0.317900 ms CreateObjectMapping: 0.299100 ms MarkObjects: 3.325000 ms  DeleteObjects: 0.173700 ms)

Prepare: number of updated asset objects reloaded= 0
AssetImportParameters requested are different than current active one (requested -> active):
  custom:container-demuxer-ogg: 62fdf1f143b41e24485cea50d1cbac27 -> 
  custom:video-decoder-ogg-theora: a1e56fd34408186e4bbccfd4996cb3dc -> 
  custom:framework-win-MediaFoundation: 216162199b28c13a410421893ffa2e32 -> 
  custom:CustomObjectIndexerAttribute: 9a22284fe3817be447336de3de66b15e -> 
  custom:container-demuxer-webm: 4f35f7cbe854078d1ac9338744f61a02 -> 
  custom:container-muxer-webm: aa71ff27fc2769a1b78a27578f13a17b -> 
  custom:video-decoder-webm-vp8: 9c59270c3fd7afecdb556c50c9e8de78 -> 
  custom:SearchIndexIgnoredProperties: e643bd26f0fe6173181afceb89e7c659 -> 
  custom:AudioImporter_EditorPlatform: d09bf68614088b80899f8185d706f6e7 -> 
  custom:video-encoder-webm-vp8: eb34c28f22e8b96e1ab97ce403110664 -> 
  custom:audio-decoder-ogg-vorbis: bf7c407c2cedff20999df2af8eb42d56 -> 
  custom:audio-encoder-webm-vorbis: bf7c407c2cedff20999df2af8eb42d56 -> 
========================================================================
Received Prepare
Caller must complete domain reload
Begin MonoManager ReloadAssembly
- Loaded All Assemblies, in  0.663 seconds
Native extension for WindowsStandalone target not found
Native extension for Android target not found
[Package Manager] Server::EnsureServerProcessIsRunning -- launch failed, reason: Unity was launched with the -noUpm command-line argument
[Package Manager] UpmClient::Send -- Unable to send message (not connected to UPM process).
[Package Manager] Cannot connect to Unity Package Manager local server
Mono: successfully reloaded assembly
- Finished resetting the current domain, in  2.010 seconds
Domain Reload Profiling: 2669ms
	BeginReloadAssembly (221ms)
		ExecutionOrderSort (0ms)
		DisableScriptedObjects (16ms)
		BackupInstance (0ms)
		ReleaseScriptingObjects (0ms)
		CreateAndSetChildDomain (46ms)
	RebuildCommonClasses (56ms)
	RebuildNativeTypeToScriptingClass (18ms)
	initialDomainReloadingComplete (43ms)
	LoadAllAssembliesAndSetupDomain (321ms)
		LoadAssemblies (401ms)
		RebuildTransferFunctionScriptingTraits (0ms)
		AnalyzeDomain (43ms)
			TypeCache.Refresh (9ms)
				TypeCache.ScanAssembly (0ms)
			ScanForSourceGeneratedMonoScriptInfo (0ms)
			ResolveRequiredComponents (32ms)
	FinalizeReload (2011ms)
		ReleaseScriptCaches (0ms)
		RebuildScriptCaches (0ms)
		SetupLoadedEditorAssemblies (887ms)
			LogAssemblyErrors (0ms)
			InitializePlatformSupportModulesInManaged (33ms)
			SetLoadedEditorAssemblies (6ms)
			RefreshPlugins (0ms)
			BeforeProcessingInitializeOnLoad (168ms)
			ProcessInitializeOnLoadAttributes (618ms)
			ProcessInitializeOnLoadMethodAttributes (50ms)
			AfterProcessingInitializeOnLoad (11ms)
			EditorAssembliesLoaded (0ms)
		ExecutionOrderSort2 (0ms)
		AwakeInstancesAfterBackupRestoration (17ms)
Refreshing native plugins compatible for Editor in 5.28 ms, found 4 plugins.
Preloading 0 native plugins for Editor in 0.00 ms.
Unloading 4049 Unused Serialized files (Serialized files now loaded: 0)
Unloading 25 unused Assets / (213.6 KB). Loaded Objects now: 4552.
Memory consumption went from 141.7 MB to 141.5 MB.
Total: 4.605400 ms (FindLiveObjects: 0.363900 ms CreateObjectMapping: 0.346900 ms MarkObjects: 3.688300 ms  DeleteObjects: 0.205300 ms)

Prepare: number of updated asset objects reloaded= 0
AssetImportParameters requested are different than current active one (requested -> active):
  custom:container-demuxer-ogg: 62fdf1f143b41e24485cea50d1cbac27 -> 
  custom:video-decoder-ogg-theora: a1e56fd34408186e4bbccfd4996cb3dc -> 
  custom:framework-win-MediaFoundation: 216162199b28c13a410421893ffa2e32 -> 
  custom:CustomObjectIndexerAttribute: 9a22284fe3817be447336de3de66b15e -> 
  custom:container-demuxer-webm: 4f35f7cbe854078d1ac9338744f61a02 -> 
  custom:container-muxer-webm: aa71ff27fc2769a1b78a27578f13a17b -> 
  custom:video-decoder-webm-vp8: 9c59270c3fd7afecdb556c50c9e8de78 -> 
  custom:SearchIndexIgnoredProperties: e643bd26f0fe6173181afceb89e7c659 -> 
  custom:AudioImporter_EditorPlatform: d09bf68614088b80899f8185d706f6e7 -> 
  custom:video-encoder-webm-vp8: eb34c28f22e8b96e1ab97ce403110664 -> 
  custom:audio-decoder-ogg-vorbis: bf7c407c2cedff20999df2af8eb42d56 -> 
  custom:audio-encoder-webm-vorbis: bf7c407c2cedff20999df2af8eb42d56 -> 
========================================================================
Received Import Request.
  Time since last request: 694.985004 seconds.
  path: Assets/arte/cutscene/anim_oficial_final bom.mp4
  artifactKey: Guid(a6d03fcdc838bfb4cb1dbbf21831175e) Importer(815301076,1909f56bfc062723c751e8b465ee728b)
Start importing Assets/arte/cutscene/anim_oficial_final bom.mp4 using Guid(a6d03fcdc838bfb4cb1dbbf21831175e) Importer(815301076,1909f56bfc062723c751e8b465ee728b) [PhysX] Initialized MultithreadedTaskDispatcher with 8 workers.
 -> (artifact id: 'a3166721e468b1fe42d742dde3bd49f7') in 0.017137 seconds
Number of updated asset objects reloaded before import = 0
Number of asset objects unloaded after import = 1
========================================================================
Received Import Request.
  Time since last request: 1.658176 seconds.
  path: Assets/arte/cutscene/final_orca_cut.mp4
  artifactKey: Guid(a8f01064c9d47f3489102cce024a8b74) Importer(815301076,1909f56bfc062723c751e8b465ee728b)
Start importing Assets/arte/cutscene/final_orca_cut.mp4 using Guid(a8f01064c9d47f3489102cce024a8b74) Importer(815301076,1909f56bfc062723c751e8b465ee728b) [PhysX] Initialized MultithreadedTaskDispatcher with 8 workers.
 -> (artifact id: 'e2dd812f2e5c1e2f3269f589eb6ff6fc') in 0.001135 seconds
Number of updated asset objects reloaded before import = 0
Number of asset objects unloaded after import = 1
========================================================================
Received Import Request.
  Time since last request: 846.768817 seconds.
  path: Assets/arte/cutscene/final_orca_cut.mp4
  artifactKey: Guid(a8f01064c9d47f3489102cce024a8b74) Importer(815301076,1909f56bfc062723c751e8b465ee728b)
Start importing Assets/arte/cutscene/final_orca_cut.mp4 using Guid(a8f01064c9d47f3489102cce024a8b74) Importer(815301076,1909f56bfc062723c751e8b465ee728b) [PhysX] Initialized MultithreadedTaskDispatcher with 8 workers.
 -> (artifact id: '1620e19ce007212892eced7e913b9038') in 0.001920 seconds
Number of updated asset objects reloaded before import = 0
Number of asset objects unloaded after import = 1
========================================================================
Received Prepare
Caller must complete domain reload
Begin MonoManager ReloadAssembly
- Loaded All Assemblies, in  0.564 seconds
Native extension for WindowsStandalone target not found
Native extension for Android target not found
[Package Manager] Server::EnsureServerProcessIsRunning -- launch failed, reason: Unity was launched with the -noUpm command-line argument
[Package Manager] UpmClient::Send -- Unable to send message (not connected to UPM process).
[Package Manager] Cannot connect to Unity Package Manager local server
Mono: successfully reloaded assembly
- Finished resetting the current domain, in  1.533 seconds
Domain Reload Profiling: 2093ms
	BeginReloadAssembly (188ms)
		ExecutionOrderSort (0ms)
		DisableScriptedObjects (13ms)
		BackupInstance (0ms)
		ReleaseScriptingObjects (0ms)
		CreateAndSetChildDomain (41ms)
	RebuildCommonClasses (41ms)
	RebuildNativeTypeToScriptingClass (15ms)
	initialDomainReloadingComplete (35ms)
	LoadAllAssembliesAndSetupDomain (281ms)
		LoadAssemblies (352ms)
		RebuildTransferFunctionScriptingTraits (0ms)
		AnalyzeDomain (31ms)
			TypeCache.Refresh (10ms)
				TypeCache.ScanAssembly (0ms)
			ScanForSourceGeneratedMonoScriptInfo (12ms)
			ResolveRequiredComponents (7ms)
	FinalizeReload (1533ms)
		ReleaseScriptCaches (0ms)
		RebuildScriptCaches (0ms)
		SetupLoadedEditorAssemblies (671ms)
			LogAssemblyErrors (0ms)
			InitializePlatformSupportModulesInManaged (20ms)
			SetLoadedEditorAssemblies (4ms)
			RefreshPlugins (0ms)
			BeforeProcessingInitializeOnLoad (83ms)
			ProcessInitializeOnLoadAttributes (510ms)
			ProcessInitializeOnLoadMethodAttributes (45ms)
			AfterProcessingInitializeOnLoad (9ms)
			EditorAssembliesLoaded (0ms)
		ExecutionOrderSort2 (0ms)
		AwakeInstancesAfterBackupRestoration (13ms)
Refreshing native plugins compatible for Editor in 5.30 ms, found 4 plugins.
Preloading 0 native plugins for Editor in 0.00 ms.
Unloading 4048 Unused Serialized files (Serialized files now loaded: 0)
Unloading 25 unused Assets / (213.7 KB). Loaded Objects now: 4556.
Memory consumption went from 141.5 MB to 141.3 MB.
Total: 4.165700 ms (FindLiveObjects: 0.300500 ms CreateObjectMapping: 0.277100 ms MarkObjects: 3.413400 ms  DeleteObjects: 0.173800 ms)

Prepare: number of updated asset objects reloaded= 0
AssetImportParameters requested are different than current active one (requested -> active):
  custom:container-demuxer-ogg: 62fdf1f143b41e24485cea50d1cbac27 -> 
  custom:video-decoder-ogg-theora: a1e56fd34408186e4bbccfd4996cb3dc -> 
  custom:framework-win-MediaFoundation: 216162199b28c13a410421893ffa2e32 -> 
  custom:CustomObjectIndexerAttribute: 9a22284fe3817be447336de3de66b15e -> 
  custom:container-demuxer-webm: 4f35f7cbe854078d1ac9338744f61a02 -> 
  custom:container-muxer-webm: aa71ff27fc2769a1b78a27578f13a17b -> 
  custom:video-decoder-webm-vp8: 9c59270c3fd7afecdb556c50c9e8de78 -> 
  custom:SearchIndexIgnoredProperties: e643bd26f0fe6173181afceb89e7c659 -> 
  custom:AudioImporter_EditorPlatform: d09bf68614088b80899f8185d706f6e7 -> 
  custom:video-encoder-webm-vp8: eb34c28f22e8b96e1ab97ce403110664 -> 
  custom:audio-decoder-ogg-vorbis: bf7c407c2cedff20999df2af8eb42d56 -> 
  custom:audio-encoder-webm-vorbis: bf7c407c2cedff20999df2af8eb42d56 -> 
========================================================================
Received Import Request.
  Time since last request: 117.868782 seconds.
  path: Assets/arte/Alga_1.png
  artifactKey: Guid(e6d5e19dd7506a143851a3376f864a90) Importer(815301076,1909f56bfc062723c751e8b465ee728b)
Start importing Assets/arte/Alga_1.png using Guid(e6d5e19dd7506a143851a3376f864a90) Importer(815301076,1909f56bfc062723c751e8b465ee728b) [PhysX] Initialized MultithreadedTaskDispatcher with 8 workers.
[PhysX] Initialized MultithreadedTaskDispatcher with 8 workers.
 -> (artifact id: '792541c497ac09200704b4de6911fcfd') in 0.185411 seconds
Number of updated asset objects reloaded before import = 0
Number of asset objects unloaded after import = 3
========================================================================
Received Import Request.
  Time since last request: 0.000021 seconds.
  path: Assets/arte/Main Menu/bolinhaslider.png
  artifactKey: Guid(6becf069b606df149b5e048e771a64f8) Importer(815301076,1909f56bfc062723c751e8b465ee728b)
Start importing Assets/arte/Main Menu/bolinhaslider.png using Guid(6becf069b606df149b5e048e771a64f8) Importer(815301076,1909f56bfc062723c751e8b465ee728b) [PhysX] Initialized MultithreadedTaskDispatcher with 8 workers.
[PhysX] Initialized MultithreadedTaskDispatcher with 8 workers.
 -> (artifact id: 'ff341213936106e6ce6bae4ad5b69b89') in 0.036996 seconds
Number of updated asset objects reloaded before import = 0
Number of asset objects unloaded after import = 3
========================================================================
Received Import Request.
  Time since last request: 0.000021 seconds.
  path: Assets/arte/HUD/Barra_layout_fixo.png
  artifactKey: Guid(02bc8ee9f86a9324f821a395b582d9b5) Importer(815301076,1909f56bfc062723c751e8b465ee728b)
Start importing Assets/arte/HUD/Barra_layout_fixo.png using Guid(02bc8ee9f86a9324f821a395b582d9b5) Importer(815301076,1909f56bfc062723c751e8b465ee728b) [PhysX] Initialized MultithreadedTaskDispatcher with 8 workers.
[PhysX] Initialized MultithreadedTaskDispatcher with 8 workers.
 -> (artifact id: 'c75f902906998728ff9f57fe36b8122d') in 0.015573 seconds
Number of updated asset objects reloaded before import = 0
Number of asset objects unloaded after import = 3
========================================================================
Received Import Request.
  Time since last request: 0.000028 seconds.
  path: Assets/arte/Barra_crescente_decrescente.png
  artifactKey: Guid(354c0adfff236fe45bdf363308a550b9) Importer(815301076,1909f56bfc062723c751e8b465ee728b)
Start importing Assets/arte/Barra_crescente_decrescente.png using Guid(354c0adfff236fe45bdf363308a550b9) Importer(815301076,1909f56bfc062723c751e8b465ee728b) [PhysX] Initialized MultithreadedTaskDispatcher with 8 workers.
[PhysX] Initialized MultithreadedTaskDispatcher with 8 workers.
 -> (artifact id: '1f146d28d1189fc1ac17a4f8cca6a4f4') in 0.029910 seconds
Number of updated asset objects reloaded before import = 0
Number of asset objects unloaded after import = 3
========================================================================
Received Import Request.
  Time since last request: 0.000019 seconds.
  path: Assets/arte/Main Menu/botão vazio.png
  artifactKey: Guid(4d48caec458b0994fba310c4d09473b2) Importer(815301076,1909f56bfc062723c751e8b465ee728b)
Start importing Assets/arte/Main Menu/botão vazio.png using Guid(4d48caec458b0994fba310c4d09473b2) Importer(815301076,1909f56bfc062723c751e8b465ee728b) [PhysX] Initialized MultithreadedTaskDispatcher with 8 workers.
[PhysX] Initialized MultithreadedTaskDispatcher with 8 workers.
 -> (artifact id: '284a1e61695cf96e9a6f568cda1a2fb7') in 0.025410 seconds
Number of updated asset objects reloaded before import = 0
Number of asset objects unloaded after import = 3
========================================================================
Received Import Request.
  Time since last request: 0.000021 seconds.
  path: Assets/Arte2D/CNPq_v2017_rgb.png
  artifactKey: Guid(6eb7638b9a90dd04784e49dbe50274dd) Importer(815301076,1909f56bfc062723c751e8b465ee728b)
Start importing Assets/Arte2D/CNPq_v2017_rgb.png using Guid(6eb7638b9a90dd04784e49dbe50274dd) Importer(815301076,1909f56bfc062723c751e8b465ee728b) [PhysX] Initialized MultithreadedTaskDispatcher with 8 workers.
[PhysX] Initialized MultithreadedTaskDispatcher with 8 workers.
 -> (artifact id: '9f4d8e552c9fd6af6fb67184c966617d') in 0.073708 seconds
Number of updated asset objects reloaded before import = 0
Number of asset objects unloaded after import = 3
========================================================================
Received Import Request.
  Time since last request: 0.000022 seconds.
  path: Assets/Arte2D/Design sem nome.png
  artifactKey: Guid(d41c702f5415d5e438ecf3717d2f7e19) Importer(815301076,1909f56bfc062723c751e8b465ee728b)
Start importing Assets/Arte2D/Design sem nome.png using Guid(d41c702f5415d5e438ecf3717d2f7e19) Importer(815301076,1909f56bfc062723c751e8b465ee728b) [PhysX] Initialized MultithreadedTaskDispatcher with 8 workers.
[PhysX] Initialized MultithreadedTaskDispatcher with 8 workers.
 -> (artifact id: '5dd9b0040fdc0d0d28fe7ab2630f40d4') in 0.024977 seconds
Number of updated asset objects reloaded before import = 0
Number of asset objects unloaded after import = 3
========================================================================
Received Import Request.
  Time since last request: 0.000078 seconds.
  path: Assets/Arte2D/Design sem nome (1).png
  artifactKey: Guid(1e8792e044796164088d2813203681ff) Importer(815301076,1909f56bfc062723c751e8b465ee728b)
Start importing Assets/Arte2D/Design sem nome (1).png using Guid(1e8792e044796164088d2813203681ff) Importer(815301076,1909f56bfc062723c751e8b465ee728b) [PhysX] Initialized MultithreadedTaskDispatcher with 8 workers.
[PhysX] Initialized MultithreadedTaskDispatcher with 8 workers.
 -> (artifact id: '4543d5636da5d84f4f4f739d6d9e6e1d') in 0.025886 seconds
Number of updated asset objects reloaded before import = 0
Number of asset objects unloaded after import = 3
========================================================================
Received Import Request.
  Time since last request: 0.000023 seconds.
  path: Assets/arte/Design sem nome (1).png
  artifactKey: Guid(e39f810eb12b46049b568e452c5918b7) Importer(815301076,1909f56bfc062723c751e8b465ee728b)
Start importing Assets/arte/Design sem nome (1).png using Guid(e39f810eb12b46049b568e452c5918b7) Importer(815301076,1909f56bfc062723c751e8b465ee728b) [PhysX] Initialized MultithreadedTaskDispatcher with 8 workers.
[PhysX] Initialized MultithreadedTaskDispatcher with 8 workers.
 -> (artifact id: '52cc330d302e122d84875719e9797995') in 0.022877 seconds
Number of updated asset objects reloaded before import = 0
Number of asset objects unloaded after import = 3
========================================================================
Received Import Request.
  Time since last request: 0.000042 seconds.
  path: Assets/arte/HUD/Barra_crescente_decrescente.png
  artifactKey: Guid(b5dbd363866009842a42ac71f9277186) Importer(815301076,1909f56bfc062723c751e8b465ee728b)
Start importing Assets/arte/HUD/Barra_crescente_decrescente.png using Guid(b5dbd363866009842a42ac71f9277186) Importer(815301076,1909f56bfc062723c751e8b465ee728b) [PhysX] Initialized MultithreadedTaskDispatcher with 8 workers.
[PhysX] Initialized MultithreadedTaskDispatcher with 8 workers.
 -> (artifact id: '6c8bd143916de9402c981e41c55a4c55') in 0.010897 seconds
Number of updated asset objects reloaded before import = 0
Number of asset objects unloaded after import = 3
========================================================================
Received Import Request.
  Time since last request: 0.000112 seconds.
  path: Assets/arte/Design sem nome.png
  artifactKey: Guid(2256c9ff4c77caf4f9d57dee6fcd8cef) Importer(815301076,1909f56bfc062723c751e8b465ee728b)
Start importing Assets/arte/Design sem nome.png using Guid(2256c9ff4c77caf4f9d57dee6fcd8cef) Importer(815301076,1909f56bfc062723c751e8b465ee728b) [PhysX] Initialized MultithreadedTaskDispatcher with 8 workers.
[PhysX] Initialized MultithreadedTaskDispatcher with 8 workers.
 -> (artifact id: 'ea053fc9993acf90dc2eccb7c50866c9') in 0.023184 seconds
Number of updated asset objects reloaded before import = 0
Number of asset objects unloaded after import = 3
========================================================================
Received Import Request.
  Time since last request: 0.042888 seconds.
  path: Assets/Arte2D/krill2.png
  artifactKey: Guid(2bceafb8bc0f2d143bcdae1aced43289) Importer(815301076,1909f56bfc062723c751e8b465ee728b)
Start importing Assets/Arte2D/krill2.png using Guid(2bceafb8bc0f2d143bcdae1aced43289) Importer(815301076,1909f56bfc062723c751e8b465ee728b) [PhysX] Initialized MultithreadedTaskDispatcher with 8 workers.
[PhysX] Initialized MultithreadedTaskDispatcher with 8 workers.
 -> (artifact id: '673653542834c33bc9f7d8dbde2abb1b') in 0.019281 seconds
Number of updated asset objects reloaded before import = 0
Number of asset objects unloaded after import = 3
========================================================================
Received Import Request.
  Time since last request: 0.037871 seconds.
  path: Assets/arte/logotipo-ufabc-abaixo.png
  artifactKey: Guid(98b421833cd66494aae790efff3c394f) Importer(815301076,1909f56bfc062723c751e8b465ee728b)
Start importing Assets/arte/logotipo-ufabc-abaixo.png using Guid(98b421833cd66494aae790efff3c394f) Importer(815301076,1909f56bfc062723c751e8b465ee728b) [PhysX] Initialized MultithreadedTaskDispatcher with 8 workers.
[PhysX] Initialized MultithreadedTaskDispatcher with 8 workers.
 -> (artifact id: '34429b5ce06416e8844772ccecbe499b') in 0.026573 seconds
Number of updated asset objects reloaded before import = 0
Number of asset objects unloaded after import = 3
========================================================================
Received Import Request.
  Time since last request: 0.000094 seconds.
  path: Assets/Arte2D/lula.png
  artifactKey: Guid(a2eb5b341f594424999dddbfdfafc48b) Importer(815301076,1909f56bfc062723c751e8b465ee728b)
Start importing Assets/Arte2D/lula.png using Guid(a2eb5b341f594424999dddbfdfafc48b) Importer(815301076,1909f56bfc062723c751e8b465ee728b) [PhysX] Initialized MultithreadedTaskDispatcher with 8 workers.
[PhysX] Initialized MultithreadedTaskDispatcher with 8 workers.
 -> (artifact id: '47f07cafcdb2d9db768992b743a36de2') in 0.022399 seconds
Number of updated asset objects reloaded before import = 0
Number of asset objects unloaded after import = 3
========================================================================
Received Import Request.
  Time since last request: 0.074259 seconds.
  path: Assets/arte/HUD/peixe.png
  artifactKey: Guid(bbf41e89d4dba6b4bab05c182dba8d15) Importer(815301076,1909f56bfc062723c751e8b465ee728b)
Start importing Assets/arte/HUD/peixe.png using Guid(bbf41e89d4dba6b4bab05c182dba8d15) Importer(815301076,1909f56bfc062723c751e8b465ee728b) [PhysX] Initialized MultithreadedTaskDispatcher with 8 workers.
[PhysX] Initialized MultithreadedTaskDispatcher with 8 workers.
 -> (artifact id: 'f591b233dcb5d285496a343ead1f7c02') in 0.026392 seconds
Number of updated asset objects reloaded before import = 0
Number of asset objects unloaded after import = 3
========================================================================
Received Import Request.
  Time since last request: 0.000019 seconds.
  path: Assets/arte/peixe.png
  artifactKey: Guid(09629640538bc6c45a37148d3e084b5e) Importer(815301076,1909f56bfc062723c751e8b465ee728b)
Start importing Assets/arte/peixe.png using Guid(09629640538bc6c45a37148d3e084b5e) Importer(815301076,1909f56bfc062723c751e8b465ee728b) [PhysX] Initialized MultithreadedTaskDispatcher with 8 workers.
[PhysX] Initialized MultithreadedTaskDispatcher with 8 workers.
 -> (artifact id: '39ddb0483d4ba1f2a8e55cd7e7a2f3e8') in 0.026629 seconds
Number of updated asset objects reloaded before import = 0
Number of asset objects unloaded after import = 3
========================================================================
Received Import Request.
  Time since last request: 0.017167 seconds.
  path: Assets/Player/Animation/comec_descer/Pinguim_comec_descer0001.png
  artifactKey: Guid(de0ad1031bda5c1408811d25cb0b9a27) Importer(815301076,1909f56bfc062723c751e8b465ee728b)
Start importing Assets/Player/Animation/comec_descer/Pinguim_comec_descer0001.png using Guid(de0ad1031bda5c1408811d25cb0b9a27) Importer(815301076,1909f56bfc062723c751e8b465ee728b) [PhysX] Initialized MultithreadedTaskDispatcher with 8 workers.
[PhysX] Initialized MultithreadedTaskDispatcher with 8 workers.
 -> (artifact id: 'fe15ab5c9c2d0a3b41877926038c6e84') in 0.050658 seconds
Number of updated asset objects reloaded before import = 0
Number of asset objects unloaded after import = 3
========================================================================
Received Import Request.
  Time since last request: 0.030651 seconds.
  path: Assets/Player/Animation/comec_descer/Pinguim_comec_descer0003.png
  artifactKey: Guid(7b83ca08997898a4c8b45420bb5230f8) Importer(815301076,1909f56bfc062723c751e8b465ee728b)
Start importing Assets/Player/Animation/comec_descer/Pinguim_comec_descer0003.png using Guid(7b83ca08997898a4c8b45420bb5230f8) Importer(815301076,1909f56bfc062723c751e8b465ee728b) [PhysX] Initialized MultithreadedTaskDispatcher with 8 workers.
[PhysX] Initialized MultithreadedTaskDispatcher with 8 workers.
 -> (artifact id: '48d4f563de10ca486ddffb9c8b25c157') in 0.210212 seconds
Number of updated asset objects reloaded before import = 0
Number of asset objects unloaded after import = 3
========================================================================
Received Import Request.
  Time since last request: 0.270159 seconds.
  path: Assets/Player/Animation/comec_descer/Pinguim_comec_descer0006.png
  artifactKey: Guid(1a0bfd85a71b3ce489dee0b7348405bb) Importer(815301076,1909f56bfc062723c751e8b465ee728b)
Start importing Assets/Player/Animation/comec_descer/Pinguim_comec_descer0006.png using Guid(1a0bfd85a71b3ce489dee0b7348405bb) Importer(815301076,1909f56bfc062723c751e8b465ee728b) [PhysX] Initialized MultithreadedTaskDispatcher with 8 workers.
[PhysX] Initialized MultithreadedTaskDispatcher with 8 workers.
 -> (artifact id: '1fe1cf746f841456368591e4b844a669') in 0.083622 seconds
Number of updated asset objects reloaded before import = 0
Number of asset objects unloaded after import = 3
========================================================================
Received Import Request.
  Time since last request: 0.037773 seconds.
  path: Assets/Player/Animation/comec_descer/Pinguim_comec_descer0007.png
  artifactKey: Guid(495029c437c2b4a4d8f44d71a4720d5e) Importer(815301076,1909f56bfc062723c751e8b465ee728b)
Start importing Assets/Player/Animation/comec_descer/Pinguim_comec_descer0007.png using Guid(495029c437c2b4a4d8f44d71a4720d5e) Importer(815301076,1909f56bfc062723c751e8b465ee728b) [PhysX] Initialized MultithreadedTaskDispatcher with 8 workers.
[PhysX] Initialized MultithreadedTaskDispatcher with 8 workers.
 -> (artifact id: 'bd7e7ebb9111ea1e9c9a171eb08f626f') in 0.163583 seconds
Number of updated asset objects reloaded before import = 0
Number of asset objects unloaded after import = 3
========================================================================
Received Import Request.
  Time since last request: 0.036450 seconds.
  path: Assets/Player/Animation/comec_descer/Pinguim_comec_descer0008.png
  artifactKey: Guid(a8f21d1aa59da4c43a04c86773328b7c) Importer(815301076,1909f56bfc062723c751e8b465ee728b)
Start importing Assets/Player/Animation/comec_descer/Pinguim_comec_descer0008.png using Guid(a8f21d1aa59da4c43a04c86773328b7c) Importer(815301076,1909f56bfc062723c751e8b465ee728b) [PhysX] Initialized MultithreadedTaskDispatcher with 8 workers.
[PhysX] Initialized MultithreadedTaskDispatcher with 8 workers.
 -> (artifact id: 'd354cb0b2b11b8a58adf21db88aa4f10') in 0.057966 seconds
Number of updated asset objects reloaded before import = 0
Number of asset objects unloaded after import = 3
========================================================================
Received Import Request.
  Time since last request: 0.061899 seconds.
  path: Assets/Player/Animation/comec_descer/Pinguim_comec_descer0009.png
  artifactKey: Guid(9544b2704453ccc409f742e288c3e178) Importer(815301076,1909f56bfc062723c751e8b465ee728b)
Start importing Assets/Player/Animation/comec_descer/Pinguim_comec_descer0009.png using Guid(9544b2704453ccc409f742e288c3e178) Importer(815301076,1909f56bfc062723c751e8b465ee728b) [PhysX] Initialized MultithreadedTaskDispatcher with 8 workers.
[PhysX] Initialized MultithreadedTaskDispatcher with 8 workers.
 -> (artifact id: '6e37d9a399ae8e7cf519753982eff677') in 0.099136 seconds
Number of updated asset objects reloaded before import = 0
Number of asset objects unloaded after import = 3
========================================================================
Received Import Request.
  Time since last request: 0.053627 seconds.
  path: Assets/Player/Animation/comec_descer/Pinguim_comec_descer0010.png
  artifactKey: Guid(01cedae261cd35d4bab5787e07cf2d28) Importer(815301076,1909f56bfc062723c751e8b465ee728b)
Start importing Assets/Player/Animation/comec_descer/Pinguim_comec_descer0010.png using Guid(01cedae261cd35d4bab5787e07cf2d28) Importer(815301076,1909f56bfc062723c751e8b465ee728b) [PhysX] Initialized MultithreadedTaskDispatcher with 8 workers.
[PhysX] Initialized MultithreadedTaskDispatcher with 8 workers.
 -> (artifact id: 'bacfa45ef9e23ed65b9c5fed9f96a53d') in 0.070442 seconds
Number of updated asset objects reloaded before import = 0
Number of asset objects unloaded after import = 3
========================================================================
Received Import Request.
  Time since last request: 0.055870 seconds.
  path: Assets/Player/Animation/comec_descer/Pinguim_comec_descer0011.png
  artifactKey: Guid(5255138bcc0d44148ac6abe4596a2f38) Importer(815301076,1909f56bfc062723c751e8b465ee728b)
Start importing Assets/Player/Animation/comec_descer/Pinguim_comec_descer0011.png using Guid(5255138bcc0d44148ac6abe4596a2f38) Importer(815301076,1909f56bfc062723c751e8b465ee728b) [PhysX] Initialized MultithreadedTaskDispatcher with 8 workers.
[PhysX] Initialized MultithreadedTaskDispatcher with 8 workers.
 -> (artifact id: '41cf67152eb91757b672e33a9260c2c8') in 0.122878 seconds
Number of updated asset objects reloaded before import = 0
Number of asset objects unloaded after import = 3
========================================================================
Received Import Request.
  Time since last request: 0.055861 seconds.
  path: Assets/Player/Animation/comec_subir/Pinguim_comec_subir0001.png
  artifactKey: Guid(bae075c9385dd15438e2204993d32cfa) Importer(815301076,1909f56bfc062723c751e8b465ee728b)
Start importing Assets/Player/Animation/comec_subir/Pinguim_comec_subir0001.png using Guid(bae075c9385dd15438e2204993d32cfa) Importer(815301076,1909f56bfc062723c751e8b465ee728b) [PhysX] Initialized MultithreadedTaskDispatcher with 8 workers.
[PhysX] Initialized MultithreadedTaskDispatcher with 8 workers.
 -> (artifact id: '669a5f7520cc41ff5aa6cdcffd33ed1a') in 0.042854 seconds
Number of updated asset objects reloaded before import = 0
Number of asset objects unloaded after import = 3
========================================================================
Received Import Request.
  Time since last request: 0.026612 seconds.
  path: Assets/Player/Animation/comec_subir/Pinguim_comec_subir0002.png
  artifactKey: Guid(74b35f690c5f9644d808b2aa1e69e4ef) Importer(815301076,1909f56bfc062723c751e8b465ee728b)
Start importing Assets/Player/Animation/comec_subir/Pinguim_comec_subir0002.png using Guid(74b35f690c5f9644d808b2aa1e69e4ef) Importer(815301076,1909f56bfc062723c751e8b465ee728b) [PhysX] Initialized MultithreadedTaskDispatcher with 8 workers.
[PhysX] Initialized MultithreadedTaskDispatcher with 8 workers.
 -> (artifact id: '1169414ad158dbc3f9b73aa38f211727') in 0.087987 seconds
Number of updated asset objects reloaded before import = 0
Number of asset objects unloaded after import = 3
========================================================================
Received Import Request.
  Time since last request: 0.028872 seconds.
  path: Assets/Player/Animation/comec_subir/Pinguim_comec_subir0004.png
  artifactKey: Guid(d5debde2135208b41909a6410ae77a91) Importer(815301076,1909f56bfc062723c751e8b465ee728b)
Start importing Assets/Player/Animation/comec_subir/Pinguim_comec_subir0004.png using Guid(d5debde2135208b41909a6410ae77a91) Importer(815301076,1909f56bfc062723c751e8b465ee728b) [PhysX] Initialized MultithreadedTaskDispatcher with 8 workers.
[PhysX] Initialized MultithreadedTaskDispatcher with 8 workers.
 -> (artifact id: '7551cf1dd6794f921aba1ee1a09a386c') in 0.029456 seconds
Number of updated asset objects reloaded before import = 0
Number of asset objects unloaded after import = 3
========================================================================
Received Import Request.
  Time since last request: 0.017514 seconds.
  path: Assets/Player/Animation/comec_subir/Pinguim_comec_subir0005.png
  artifactKey: Guid(e4997e1c323d2394ab9544943b457a52) Importer(815301076,1909f56bfc062723c751e8b465ee728b)
Start importing Assets/Player/Animation/comec_subir/Pinguim_comec_subir0005.png using Guid(e4997e1c323d2394ab9544943b457a52) Importer(815301076,1909f56bfc062723c751e8b465ee728b) [PhysX] Initialized MultithreadedTaskDispatcher with 8 workers.
[PhysX] Initialized MultithreadedTaskDispatcher with 8 workers.
 -> (artifact id: '5305a0cb6618725f903fdbfd23169776') in 0.030024 seconds
Number of updated asset objects reloaded before import = 0
Number of asset objects unloaded after import = 3
========================================================================
Received Import Request.
  Time since last request: 0.012496 seconds.
  path: Assets/Player/Animation/comec_subir/Pinguim_comec_subir0006.png
  artifactKey: Guid(05783ffd73d6be4448c73e84d5da27d0) Importer(815301076,1909f56bfc062723c751e8b465ee728b)
Start importing Assets/Player/Animation/comec_subir/Pinguim_comec_subir0006.png using Guid(05783ffd73d6be4448c73e84d5da27d0) Importer(815301076,1909f56bfc062723c751e8b465ee728b) [PhysX] Initialized MultithreadedTaskDispatcher with 8 workers.
[PhysX] Initialized MultithreadedTaskDispatcher with 8 workers.
 -> (artifact id: '6fcf3edf9aa95319fd9bab98da22b118') in 0.028929 seconds
Number of updated asset objects reloaded before import = 0
Number of asset objects unloaded after import = 3
========================================================================
Received Import Request.
  Time since last request: 0.007081 seconds.
  path: Assets/Player/Animation/comec_subir/Pinguim_comec_subir0007.png
  artifactKey: Guid(3c38b284183a62e4993de9a38e8c84be) Importer(815301076,1909f56bfc062723c751e8b465ee728b)
Start importing Assets/Player/Animation/comec_subir/Pinguim_comec_subir0007.png using Guid(3c38b284183a62e4993de9a38e8c84be) Importer(815301076,1909f56bfc062723c751e8b465ee728b) [PhysX] Initialized MultithreadedTaskDispatcher with 8 workers.
[PhysX] Initialized MultithreadedTaskDispatcher with 8 workers.
 -> (artifact id: 'c45706066b458828faa3281da2df3f3e') in 0.063023 seconds
Number of updated asset objects reloaded before import = 0
Number of asset objects unloaded after import = 3
========================================================================
Received Import Request.
  Time since last request: 0.000033 seconds.
  path: Assets/Player/Animation/comec_subir/Pinguim_comec_subir0009.png
  artifactKey: Guid(85120801018a69240aaf9226b56d8af5) Importer(815301076,1909f56bfc062723c751e8b465ee728b)
Start importing Assets/Player/Animation/comec_subir/Pinguim_comec_subir0009.png using Guid(85120801018a69240aaf9226b56d8af5) Importer(815301076,1909f56bfc062723c751e8b465ee728b) [PhysX] Initialized MultithreadedTaskDispatcher with 8 workers.
[PhysX] Initialized MultithreadedTaskDispatcher with 8 workers.
 -> (artifact id: '85a49849fed3dff81a1ae5bc1a2eb438') in 0.069818 seconds
Number of updated asset objects reloaded before import = 0
Number of asset objects unloaded after import = 3
========================================================================
Received Import Request.
  Time since last request: 0.001782 seconds.
  path: Assets/Player/Animation/comec_subir/Pinguim_comec_subir0011.png
  artifactKey: Guid(2dbf9f75c1dbb2b4b932dbbe05134314) Importer(815301076,1909f56bfc062723c751e8b465ee728b)
Start importing Assets/Player/Animation/comec_subir/Pinguim_comec_subir0011.png using Guid(2dbf9f75c1dbb2b4b932dbbe05134314) Importer(815301076,1909f56bfc062723c751e8b465ee728b) [PhysX] Initialized MultithreadedTaskDispatcher with 8 workers.
[PhysX] Initialized MultithreadedTaskDispatcher with 8 workers.
 -> (artifact id: '5d9f3dc01104a09dd3ac8bbc2760834a') in 0.064949 seconds
Number of updated asset objects reloaded before import = 0
Number of asset objects unloaded after import = 3
========================================================================
Received Import Request.
  Time since last request: 0.005450 seconds.
  path: Assets/Player/Animation/descendo/Pinguim_descendo0001.png
  artifactKey: Guid(aa345769e78753f44a83aed81b1a5100) Importer(815301076,1909f56bfc062723c751e8b465ee728b)
Start importing Assets/Player/Animation/descendo/Pinguim_descendo0001.png using Guid(aa345769e78753f44a83aed81b1a5100) Importer(815301076,1909f56bfc062723c751e8b465ee728b) [PhysX] Initialized MultithreadedTaskDispatcher with 8 workers.
[PhysX] Initialized MultithreadedTaskDispatcher with 8 workers.
 -> (artifact id: '744b52106551600f87a23e659c39f2ec') in 0.060495 seconds
Number of updated asset objects reloaded before import = 0
Number of asset objects unloaded after import = 3
========================================================================
Received Import Request.
  Time since last request: 0.050574 seconds.
  path: Assets/Player/Animation/descendo/Pinguim_descendo0003.png
  artifactKey: Guid(da4167b756e219f42889ad3913c5c19d) Importer(815301076,1909f56bfc062723c751e8b465ee728b)
Start importing Assets/Player/Animation/descendo/Pinguim_descendo0003.png using Guid(da4167b756e219f42889ad3913c5c19d) Importer(815301076,1909f56bfc062723c751e8b465ee728b) [PhysX] Initialized MultithreadedTaskDispatcher with 8 workers.
[PhysX] Initialized MultithreadedTaskDispatcher with 8 workers.
 -> (artifact id: '5434058bc49d35d17ae8612c33a10e38') in 0.039130 seconds
Number of updated asset objects reloaded before import = 0
Number of asset objects unloaded after import = 3
========================================================================
Received Import Request.
  Time since last request: 0.008560 seconds.
  path: Assets/Player/Animation/descendo/Pinguim_descendo0004.png
  artifactKey: Guid(8ae07c8d5e082b045919618cf5228c2b) Importer(815301076,1909f56bfc062723c751e8b465ee728b)
Start importing Assets/Player/Animation/descendo/Pinguim_descendo0004.png using Guid(8ae07c8d5e082b045919618cf5228c2b) Importer(815301076,1909f56bfc062723c751e8b465ee728b) [PhysX] Initialized MultithreadedTaskDispatcher with 8 workers.
[PhysX] Initialized MultithreadedTaskDispatcher with 8 workers.
 -> (artifact id: '18bd17d344cddd5e50b67041a791b2cb') in 0.047540 seconds
Number of updated asset objects reloaded before import = 0
Number of asset objects unloaded after import = 3
========================================================================
Received Import Request.
  Time since last request: 0.017874 seconds.
  path: Assets/Player/Animation/descendo/Pinguim_descendo0006.png
  artifactKey: Guid(08419605dc815b44a94d0a438280ce37) Importer(815301076,1909f56bfc062723c751e8b465ee728b)
Start importing Assets/Player/Animation/descendo/Pinguim_descendo0006.png using Guid(08419605dc815b44a94d0a438280ce37) Importer(815301076,1909f56bfc062723c751e8b465ee728b) [PhysX] Initialized MultithreadedTaskDispatcher with 8 workers.
[PhysX] Initialized MultithreadedTaskDispatcher with 8 workers.
 -> (artifact id: '725be232522801e5a3771a8a97dd0117') in 0.154826 seconds
Number of updated asset objects reloaded before import = 0
Number of asset objects unloaded after import = 3
========================================================================
Received Import Request.
  Time since last request: 0.001101 seconds.
  path: Assets/Player/Animation/descendo/Pinguim_descendo0007.png
  artifactKey: Guid(e364030800083cf41b6a28d861fd8fbc) Importer(815301076,1909f56bfc062723c751e8b465ee728b)
Start importing Assets/Player/Animation/descendo/Pinguim_descendo0007.png using Guid(e364030800083cf41b6a28d861fd8fbc) Importer(815301076,1909f56bfc062723c751e8b465ee728b) [PhysX] Initialized MultithreadedTaskDispatcher with 8 workers.
[PhysX] Initialized MultithreadedTaskDispatcher with 8 workers.
 -> (artifact id: '6e850ed3a0fdcf497bf601a7ea1d344e') in 0.030879 seconds
Number of updated asset objects reloaded before import = 0
Number of asset objects unloaded after import = 3
========================================================================
Received Import Request.
  Time since last request: 0.005289 seconds.
  path: Assets/Player/Animation/descendo/Pinguim_descendo0008.png
  artifactKey: Guid(8ccaab164ebc1d149bd8429c596c14b5) Importer(815301076,1909f56bfc062723c751e8b465ee728b)
Start importing Assets/Player/Animation/descendo/Pinguim_descendo0008.png using Guid(8ccaab164ebc1d149bd8429c596c14b5) Importer(815301076,1909f56bfc062723c751e8b465ee728b) [PhysX] Initialized MultithreadedTaskDispatcher with 8 workers.
[PhysX] Initialized MultithreadedTaskDispatcher with 8 workers.
 -> (artifact id: '930e4d3fa4cbb9a34eb065343e946e36') in 0.031986 seconds
Number of updated asset objects reloaded before import = 0
Number of asset objects unloaded after import = 3
========================================================================
Received Import Request.
  Time since last request: 0.007672 seconds.
  path: Assets/Player/Animation/descendo/Pinguim_descendo0009.png
  artifactKey: Guid(85bad002818b9774fa368a16d65b61d9) Importer(815301076,1909f56bfc062723c751e8b465ee728b)
Start importing Assets/Player/Animation/descendo/Pinguim_descendo0009.png using Guid(85bad002818b9774fa368a16d65b61d9) Importer(815301076,1909f56bfc062723c751e8b465ee728b) [PhysX] Initialized MultithreadedTaskDispatcher with 8 workers.
[PhysX] Initialized MultithreadedTaskDispatcher with 8 workers.
 -> (artifact id: '32514cd275a77cab7ea5e08ee194a62c') in 0.056391 seconds
Number of updated asset objects reloaded before import = 0
Number of asset objects unloaded after import = 3
========================================================================
Received Import Request.
  Time since last request: 0.039120 seconds.
  path: Assets/Player/Animation/descendo/Pinguim_descendo0011.png
  artifactKey: Guid(fb152c5f4953bb94e96df8a5e1d5d3da) Importer(815301076,1909f56bfc062723c751e8b465ee728b)
Start importing Assets/Player/Animation/descendo/Pinguim_descendo0011.png using Guid(fb152c5f4953bb94e96df8a5e1d5d3da) Importer(815301076,1909f56bfc062723c751e8b465ee728b) [PhysX] Initialized MultithreadedTaskDispatcher with 8 workers.
[PhysX] Initialized MultithreadedTaskDispatcher with 8 workers.
 -> (artifact id: 'eb20b8ef20deabcb1986c371c82024f1') in 0.032022 seconds
Number of updated asset objects reloaded before import = 0
Number of asset objects unloaded after import = 3
========================================================================
Received Import Request.
  Time since last request: 0.185078 seconds.
  path: Assets/Player/Animation/estabilizando_descida/Pinguim_estabilizando_descida0001.png
  artifactKey: Guid(e8b18c15a8e777449906608401fb4e46) Importer(815301076,1909f56bfc062723c751e8b465ee728b)
Start importing Assets/Player/Animation/estabilizando_descida/Pinguim_estabilizando_descida0001.png using Guid(e8b18c15a8e777449906608401fb4e46) Importer(815301076,1909f56bfc062723c751e8b465ee728b) [PhysX] Initialized MultithreadedTaskDispatcher with 8 workers.
[PhysX] Initialized MultithreadedTaskDispatcher with 8 workers.
 -> (artifact id: '1b9c49b3038cdb5512cf3639794c432a') in 0.041112 seconds
Number of updated asset objects reloaded before import = 0
Number of asset objects unloaded after import = 3
========================================================================
Received Import Request.
  Time since last request: 0.009210 seconds.
  path: Assets/Player/Animation/estabilizando_descida/Pinguim_estabilizando_descida0002.png
  artifactKey: Guid(3f3d1ce905287e046adc8b9ae067a6c7) Importer(815301076,1909f56bfc062723c751e8b465ee728b)
Start importing Assets/Player/Animation/estabilizando_descida/Pinguim_estabilizando_descida0002.png using Guid(3f3d1ce905287e046adc8b9ae067a6c7) Importer(815301076,1909f56bfc062723c751e8b465ee728b) [PhysX] Initialized MultithreadedTaskDispatcher with 8 workers.
[PhysX] Initialized MultithreadedTaskDispatcher with 8 workers.
 -> (artifact id: 'd28e8b10b0cdb78b5354a9f8e0a4eb89') in 0.072726 seconds
Number of updated asset objects reloaded before import = 0
Number of asset objects unloaded after import = 3
========================================================================
Received Import Request.
  Time since last request: 0.028426 seconds.
  path: Assets/Player/Animation/estabilizando_descida/Pinguim_estabilizando_descida0003.png
  artifactKey: Guid(fe4ee28897631bc4c82a9c7059029821) Importer(815301076,1909f56bfc062723c751e8b465ee728b)
Start importing Assets/Player/Animation/estabilizando_descida/Pinguim_estabilizando_descida0003.png using Guid(fe4ee28897631bc4c82a9c7059029821) Importer(815301076,1909f56bfc062723c751e8b465ee728b) [PhysX] Initialized MultithreadedTaskDispatcher with 8 workers.
[PhysX] Initialized MultithreadedTaskDispatcher with 8 workers.
 -> (artifact id: '4d66a3658773ff24e910f8699045bf78') in 0.047509 seconds
Number of updated asset objects reloaded before import = 0
Number of asset objects unloaded after import = 3
========================================================================
Received Import Request.
  Time since last request: 0.029466 seconds.
  path: Assets/Player/Animation/estabilizando_descida/Pinguim_estabilizando_descida0004.png
  artifactKey: Guid(d931ce2a9fa0e064a9663d196bf049e5) Importer(815301076,1909f56bfc062723c751e8b465ee728b)
Start importing Assets/Player/Animation/estabilizando_descida/Pinguim_estabilizando_descida0004.png using Guid(d931ce2a9fa0e064a9663d196bf049e5) Importer(815301076,1909f56bfc062723c751e8b465ee728b) [PhysX] Initialized MultithreadedTaskDispatcher with 8 workers.
[PhysX] Initialized MultithreadedTaskDispatcher with 8 workers.
 -> (artifact id: 'f37dab5f1c3b8b5ee810cb71d8fbe86e') in 0.162755 seconds
Number of updated asset objects reloaded before import = 0
Number of asset objects unloaded after import = 3
========================================================================
Received Import Request.
  Time since last request: 0.018194 seconds.
  path: Assets/Player/Animation/estabilizando_descida/Pinguim_estabilizando_descida0006.png
  artifactKey: Guid(02b8f02fb0a6f964faaaa08a694e5373) Importer(815301076,1909f56bfc062723c751e8b465ee728b)
Start importing Assets/Player/Animation/estabilizando_descida/Pinguim_estabilizando_descida0006.png using Guid(02b8f02fb0a6f964faaaa08a694e5373) Importer(815301076,1909f56bfc062723c751e8b465ee728b) [PhysX] Initialized MultithreadedTaskDispatcher with 8 workers.
[PhysX] Initialized MultithreadedTaskDispatcher with 8 workers.
 -> (artifact id: '410eedf0c4a643421142b7c0d7b70b7f') in 0.041813 seconds
Number of updated asset objects reloaded before import = 0
Number of asset objects unloaded after import = 3
========================================================================
Received Import Request.
  Time since last request: 0.048443 seconds.
  path: Assets/Player/Animation/estabilizando_descida/Pinguim_estabilizando_descida0008.png
  artifactKey: Guid(e9cb829eb355ed5448b09550254fa84c) Importer(815301076,1909f56bfc062723c751e8b465ee728b)
Start importing Assets/Player/Animation/estabilizando_descida/Pinguim_estabilizando_descida0008.png using Guid(e9cb829eb355ed5448b09550254fa84c) Importer(815301076,1909f56bfc062723c751e8b465ee728b) [PhysX] Initialized MultithreadedTaskDispatcher with 8 workers.
[PhysX] Initialized MultithreadedTaskDispatcher with 8 workers.
 -> (artifact id: 'e56d213433329dff4d0247a1444140aa') in 0.086563 seconds
Number of updated asset objects reloaded before import = 0
Number of asset objects unloaded after import = 3
========================================================================
Received Import Request.
  Time since last request: 0.034597 seconds.
  path: Assets/Player/Animation/estabilizando_descida/Pinguim_estabilizando_descida0010.png
  artifactKey: Guid(33bbdc32636dd014882b45b911340f34) Importer(815301076,1909f56bfc062723c751e8b465ee728b)
Start importing Assets/Player/Animation/estabilizando_descida/Pinguim_estabilizando_descida0010.png using Guid(33bbdc32636dd014882b45b911340f34) Importer(815301076,1909f56bfc062723c751e8b465ee728b) [PhysX] Initialized MultithreadedTaskDispatcher with 8 workers.
[PhysX] Initialized MultithreadedTaskDispatcher with 8 workers.
 -> (artifact id: '8acad016c7fc1986dcbc09cce2e207a0') in 0.067946 seconds
Number of updated asset objects reloaded before import = 0
Number of asset objects unloaded after import = 3
========================================================================
Received Import Request.
  Time since last request: 0.049348 seconds.
  path: Assets/Player/Animation/estabilizando_subida/Pinguim_estabilizando_subida0001.png
  artifactKey: Guid(ad248a9d134ad604184993781ebbe5a2) Importer(815301076,1909f56bfc062723c751e8b465ee728b)
Start importing Assets/Player/Animation/estabilizando_subida/Pinguim_estabilizando_subida0001.png using Guid(ad248a9d134ad604184993781ebbe5a2) Importer(815301076,1909f56bfc062723c751e8b465ee728b) [PhysX] Initialized MultithreadedTaskDispatcher with 8 workers.
[PhysX] Initialized MultithreadedTaskDispatcher with 8 workers.
 -> (artifact id: '56dfb4161fca08644480706469abff98') in 0.050371 seconds
Number of updated asset objects reloaded before import = 0
Number of asset objects unloaded after import = 3
========================================================================
Received Import Request.
  Time since last request: 0.001128 seconds.
  path: Assets/Player/Animation/estabilizando_subida/Pinguim_estabilizando_subida0002.png
  artifactKey: Guid(66c86938afac98347a9b81cf4374a74e) Importer(815301076,1909f56bfc062723c751e8b465ee728b)
Start importing Assets/Player/Animation/estabilizando_subida/Pinguim_estabilizando_subida0002.png using Guid(66c86938afac98347a9b81cf4374a74e) Importer(815301076,1909f56bfc062723c751e8b465ee728b) [PhysX] Initialized MultithreadedTaskDispatcher with 8 workers.
[PhysX] Initialized MultithreadedTaskDispatcher with 8 workers.
 -> (artifact id: 'f8ed603762987f560a99b1311dd5f2c9') in 0.031451 seconds
Number of updated asset objects reloaded before import = 0
Number of asset objects unloaded after import = 3
========================================================================
Received Import Request.
  Time since last request: 0.004715 seconds.
  path: Assets/Player/Animation/estabilizando_subida/Pinguim_estabilizando_subida0003.png
  artifactKey: Guid(48107e542e81d5441b4f64773170941c) Importer(815301076,1909f56bfc062723c751e8b465ee728b)
Start importing Assets/Player/Animation/estabilizando_subida/Pinguim_estabilizando_subida0003.png using Guid(48107e542e81d5441b4f64773170941c) Importer(815301076,1909f56bfc062723c751e8b465ee728b) [PhysX] Initialized MultithreadedTaskDispatcher with 8 workers.
[PhysX] Initialized MultithreadedTaskDispatcher with 8 workers.
 -> (artifact id: '885d2b3e007aa37b4b44c76db82aed99') in 0.058486 seconds
Number of updated asset objects reloaded before import = 0
Number of asset objects unloaded after import = 3
========================================================================
Received Import Request.
  Time since last request: 0.025419 seconds.
  path: Assets/Player/Animation/estabilizando_subida/Pinguim_estabilizando_subida0005.png
  artifactKey: Guid(db4b4aa3d0b617048a599da913c1cd63) Importer(815301076,1909f56bfc062723c751e8b465ee728b)
Start importing Assets/Player/Animation/estabilizando_subida/Pinguim_estabilizando_subida0005.png using Guid(db4b4aa3d0b617048a599da913c1cd63) Importer(815301076,1909f56bfc062723c751e8b465ee728b) [PhysX] Initialized MultithreadedTaskDispatcher with 8 workers.
[PhysX] Initialized MultithreadedTaskDispatcher with 8 workers.
 -> (artifact id: '8133ba731297a7b7e389d49065668008') in 0.041215 seconds
Number of updated asset objects reloaded before import = 0
Number of asset objects unloaded after import = 3
========================================================================
Received Import Request.
  Time since last request: 0.003817 seconds.
  path: Assets/Player/Animation/estabilizando_subida/Pinguim_estabilizando_subida0006.png
  artifactKey: Guid(df033fff1ae68724dade648e48ba7201) Importer(815301076,1909f56bfc062723c751e8b465ee728b)
Start importing Assets/Player/Animation/estabilizando_subida/Pinguim_estabilizando_subida0006.png using Guid(df033fff1ae68724dade648e48ba7201) Importer(815301076,1909f56bfc062723c751e8b465ee728b) [PhysX] Initialized MultithreadedTaskDispatcher with 8 workers.
[PhysX] Initialized MultithreadedTaskDispatcher with 8 workers.
 -> (artifact id: 'dce660145ae8dd28d522f1be886b810e') in 0.035690 seconds
Number of updated asset objects reloaded before import = 0
Number of asset objects unloaded after import = 3
========================================================================
Received Import Request.
  Time since last request: 0.001723 seconds.
  path: Assets/Player/Animation/estabilizando_subida/Pinguim_estabilizando_subida0007.png
  artifactKey: Guid(0467cb5aac79dba4c9b9529d7a921e50) Importer(815301076,1909f56bfc062723c751e8b465ee728b)
Start importing Assets/Player/Animation/estabilizando_subida/Pinguim_estabilizando_subida0007.png using Guid(0467cb5aac79dba4c9b9529d7a921e50) Importer(815301076,1909f56bfc062723c751e8b465ee728b) [PhysX] Initialized MultithreadedTaskDispatcher with 8 workers.
[PhysX] Initialized MultithreadedTaskDispatcher with 8 workers.
 -> (artifact id: 'd4f789b4a0a1d9f6984830501a9a00d5') in 0.055652 seconds
Number of updated asset objects reloaded before import = 0
Number of asset objects unloaded after import = 3
========================================================================
Received Import Request.
  Time since last request: 0.008111 seconds.
  path: Assets/Player/Animation/estabilizando_subida/Pinguim_estabilizando_subida0009.png
  artifactKey: Guid(13d24d6dfe1b14240b0e0c5922fbedf7) Importer(815301076,1909f56bfc062723c751e8b465ee728b)
Start importing Assets/Player/Animation/estabilizando_subida/Pinguim_estabilizando_subida0009.png using Guid(13d24d6dfe1b14240b0e0c5922fbedf7) Importer(815301076,1909f56bfc062723c751e8b465ee728b) [PhysX] Initialized MultithreadedTaskDispatcher with 8 workers.
[PhysX] Initialized MultithreadedTaskDispatcher with 8 workers.
 -> (artifact id: 'd819d4d159050807fbad8c8e698191d9') in 0.076410 seconds
Number of updated asset objects reloaded before import = 0
Number of asset objects unloaded after import = 3
========================================================================
Received Import Request.
  Time since last request: 0.023366 seconds.
  path: Assets/Player/Animation/estabilizando_subida/Pinguim_estabilizando_subida0011.png
  artifactKey: Guid(dd182e41d5785704e803b3df8e1d8b74) Importer(815301076,1909f56bfc062723c751e8b465ee728b)
Start importing Assets/Player/Animation/estabilizando_subida/Pinguim_estabilizando_subida0011.png using Guid(dd182e41d5785704e803b3df8e1d8b74) Importer(815301076,1909f56bfc062723c751e8b465ee728b) [PhysX] Initialized MultithreadedTaskDispatcher with 8 workers.
[PhysX] Initialized MultithreadedTaskDispatcher with 8 workers.
 -> (artifact id: '19db175e6c8dac25026c654ad34dbef7') in 0.045413 seconds
Number of updated asset objects reloaded before import = 0
Number of asset objects unloaded after import = 3
========================================================================
Received Import Request.
  Time since last request: 0.000044 seconds.
  path: Assets/Player/Animation/Idle/Pinguim_Frame_0006.png
  artifactKey: Guid(7070b7fd450dd6a48931b2d41088658a) Importer(815301076,1909f56bfc062723c751e8b465ee728b)
Start importing Assets/Player/Animation/Idle/Pinguim_Frame_0006.png using Guid(7070b7fd450dd6a48931b2d41088658a) Importer(815301076,1909f56bfc062723c751e8b465ee728b) [PhysX] Initialized MultithreadedTaskDispatcher with 8 workers.
[PhysX] Initialized MultithreadedTaskDispatcher with 8 workers.
 -> (artifact id: '18d07daa2ffee0bc82f0473bee608336') in 0.139159 seconds
Number of updated asset objects reloaded before import = 0
Number of asset objects unloaded after import = 3
========================================================================
Received Import Request.
  Time since last request: 0.000044 seconds.
  path: Assets/Player/Animation/Idle/Pinguim_Frame_0010.png
  artifactKey: Guid(17e84a666f881e3418bbae5f2052e1fc) Importer(815301076,1909f56bfc062723c751e8b465ee728b)
Start importing Assets/Player/Animation/Idle/Pinguim_Frame_0010.png using Guid(17e84a666f881e3418bbae5f2052e1fc) Importer(815301076,1909f56bfc062723c751e8b465ee728b) [PhysX] Initialized MultithreadedTaskDispatcher with 8 workers.
[PhysX] Initialized MultithreadedTaskDispatcher with 8 workers.
 -> (artifact id: '83625ba0b2735728c4feb1755bdc99ab') in 0.032737 seconds
Number of updated asset objects reloaded before import = 0
Number of asset objects unloaded after import = 3
========================================================================
Received Import Request.
  Time since last request: 0.000019 seconds.
  path: Assets/Player/Animation/Idle/Pinguim_Frame_0007.png
  artifactKey: Guid(1295141c5ad05474d8a9136df3d5d752) Importer(815301076,1909f56bfc062723c751e8b465ee728b)
Start importing Assets/Player/Animation/Idle/Pinguim_Frame_0007.png using Guid(1295141c5ad05474d8a9136df3d5d752) Importer(815301076,1909f56bfc062723c751e8b465ee728b) [PhysX] Initialized MultithreadedTaskDispatcher with 8 workers.
[PhysX] Initialized MultithreadedTaskDispatcher with 8 workers.
 -> (artifact id: '3c57ad71d3c7e8165ac8f0d0f095b105') in 0.030152 seconds
Number of updated asset objects reloaded before import = 0
Number of asset objects unloaded after import = 3
========================================================================
Received Import Request.
  Time since last request: 0.000017 seconds.
  path: Assets/Player/Animation/Idle/Pinguim_Frame_0005.png
  artifactKey: Guid(02b779d40b9078b4db2df2b9a1bfdaac) Importer(815301076,1909f56bfc062723c751e8b465ee728b)
Start importing Assets/Player/Animation/Idle/Pinguim_Frame_0005.png using Guid(02b779d40b9078b4db2df2b9a1bfdaac) Importer(815301076,1909f56bfc062723c751e8b465ee728b) [PhysX] Initialized MultithreadedTaskDispatcher with 8 workers.
[PhysX] Initialized MultithreadedTaskDispatcher with 8 workers.
 -> (artifact id: '3711ab44757127ef26d3721af1b8778c') in 0.028641 seconds
Number of updated asset objects reloaded before import = 0
Number of asset objects unloaded after import = 3
========================================================================
Received Import Request.
  Time since last request: 0.110972 seconds.
  path: Assets/Player/Animation/subindo/Pinguim_subindo0001.png
  artifactKey: Guid(87dddb05358db1949b2a6e574608d62d) Importer(815301076,1909f56bfc062723c751e8b465ee728b)
Start importing Assets/Player/Animation/subindo/Pinguim_subindo0001.png using Guid(87dddb05358db1949b2a6e574608d62d) Importer(815301076,1909f56bfc062723c751e8b465ee728b) [PhysX] Initialized MultithreadedTaskDispatcher with 8 workers.
[PhysX] Initialized MultithreadedTaskDispatcher with 8 workers.
 -> (artifact id: 'fc57b35231716b7e1a8f9c9d460177be') in 0.086165 seconds
Number of updated asset objects reloaded before import = 0
Number of asset objects unloaded after import = 3
========================================================================
Received Import Request.
  Time since last request: 0.015076 seconds.
  path: Assets/Player/Animation/subindo/Pinguim_subindo0002.png
  artifactKey: Guid(5e5b4be9fdbc94f4393f59ba0af6ab81) Importer(815301076,1909f56bfc062723c751e8b465ee728b)
Start importing Assets/Player/Animation/subindo/Pinguim_subindo0002.png using Guid(5e5b4be9fdbc94f4393f59ba0af6ab81) Importer(815301076,1909f56bfc062723c751e8b465ee728b) [PhysX] Initialized MultithreadedTaskDispatcher with 8 workers.
[PhysX] Initialized MultithreadedTaskDispatcher with 8 workers.
 -> (artifact id: '50c6e618714024b50ddb573b84e35734') in 0.083175 seconds
Number of updated asset objects reloaded before import = 0
Number of asset objects unloaded after import = 3
========================================================================
Received Import Request.
  Time since last request: 0.040570 seconds.
  path: Assets/Player/Animation/subindo/Pinguim_subindo0003.png
  artifactKey: Guid(c4c8066fb39f5c841b86311e8e06e8db) Importer(815301076,1909f56bfc062723c751e8b465ee728b)
Start importing Assets/Player/Animation/subindo/Pinguim_subindo0003.png using Guid(c4c8066fb39f5c841b86311e8e06e8db) Importer(815301076,1909f56bfc062723c751e8b465ee728b) [PhysX] Initialized MultithreadedTaskDispatcher with 8 workers.
[PhysX] Initialized MultithreadedTaskDispatcher with 8 workers.
 -> (artifact id: '3c08ccc492027a328a81c582c0bb5332') in 0.109014 seconds
Number of updated asset objects reloaded before import = 0
Number of asset objects unloaded after import = 3
========================================================================
Received Import Request.
  Time since last request: 0.010545 seconds.
  path: Assets/Player/Animation/subindo/Pinguim_subindo0004.png
  artifactKey: Guid(801ce1315b63ca244a8af462819d450b) Importer(815301076,1909f56bfc062723c751e8b465ee728b)
Start importing Assets/Player/Animation/subindo/Pinguim_subindo0004.png using Guid(801ce1315b63ca244a8af462819d450b) Importer(815301076,1909f56bfc062723c751e8b465ee728b) [PhysX] Initialized MultithreadedTaskDispatcher with 8 workers.
[PhysX] Initialized MultithreadedTaskDispatcher with 8 workers.
 -> (artifact id: '4d4bad7fcca2b00cb17a1092a14c30f3') in 0.076394 seconds
Number of updated asset objects reloaded before import = 0
Number of asset objects unloaded after import = 3
========================================================================
Received Import Request.
  Time since last request: 0.000085 seconds.
  path: Assets/Player/Animation/subindo/Pinguim_subindo0006.png
  artifactKey: Guid(372caf01afea8604c9cc029e7fe785e6) Importer(815301076,1909f56bfc062723c751e8b465ee728b)
Start importing Assets/Player/Animation/subindo/Pinguim_subindo0006.png using Guid(372caf01afea8604c9cc029e7fe785e6) Importer(815301076,1909f56bfc062723c751e8b465ee728b) [PhysX] Initialized MultithreadedTaskDispatcher with 8 workers.
[PhysX] Initialized MultithreadedTaskDispatcher with 8 workers.
 -> (artifact id: '4b8fc613bf2b195e530d25a0c2b029ed') in 0.061400 seconds
Number of updated asset objects reloaded before import = 0
Number of asset objects unloaded after import = 3
========================================================================
Received Import Request.
  Time since last request: 0.010214 seconds.
  path: Assets/Player/Animation/subindo/Pinguim_subindo0008.png
  artifactKey: Guid(edcedad8154c1e94b9a6f9e2942e31b3) Importer(815301076,1909f56bfc062723c751e8b465ee728b)
Start importing Assets/Player/Animation/subindo/Pinguim_subindo0008.png using Guid(edcedad8154c1e94b9a6f9e2942e31b3) Importer(815301076,1909f56bfc062723c751e8b465ee728b) [PhysX] Initialized MultithreadedTaskDispatcher with 8 workers.
[PhysX] Initialized MultithreadedTaskDispatcher with 8 workers.
 -> (artifact id: '9f670bdea83e55cb93ef8bc2831c1546') in 0.046643 seconds
Number of updated asset objects reloaded before import = 0
Number of asset objects unloaded after import = 3
========================================================================
Received Import Request.
  Time since last request: 0.018116 seconds.
  path: Assets/Player/Animation/subindo/Pinguim_subindo0010.png
  artifactKey: Guid(c7c96a151c11d6e4b836daafff867c01) Importer(815301076,1909f56bfc062723c751e8b465ee728b)
Start importing Assets/Player/Animation/subindo/Pinguim_subindo0010.png using Guid(c7c96a151c11d6e4b836daafff867c01) Importer(815301076,1909f56bfc062723c751e8b465ee728b) [PhysX] Initialized MultithreadedTaskDispatcher with 8 workers.
[PhysX] Initialized MultithreadedTaskDispatcher with 8 workers.
 -> (artifact id: '12c39da9b4c9b3a25dd094d50e77fff1') in 0.066258 seconds
Number of updated asset objects reloaded before import = 0
Number of asset objects unloaded after import = 3
========================================================================
Received Import Request.
  Time since last request: 0.000135 seconds.
  path: Assets/animation/(Orca)/quadro0004.png
  artifactKey: Guid(2e05a068bcdfb5748896315a7a608ccf) Importer(815301076,1909f56bfc062723c751e8b465ee728b)
Start importing Assets/animation/(Orca)/quadro0004.png using Guid(2e05a068bcdfb5748896315a7a608ccf) Importer(815301076,1909f56bfc062723c751e8b465ee728b) [PhysX] Initialized MultithreadedTaskDispatcher with 8 workers.
[PhysX] Initialized MultithreadedTaskDispatcher with 8 workers.
 -> (artifact id: 'b7f0366ec1ebe9f27fbb469719ea7f5c') in 0.201265 seconds
Number of updated asset objects reloaded before import = 0
Number of asset objects unloaded after import = 3
========================================================================
Received Import Request.
  Time since last request: 0.000018 seconds.
  path: Assets/animation/(Orca)/quadro0000.png
  artifactKey: Guid(6f7802d8e24c97b4fbdf7d4ebd0522f5) Importer(815301076,1909f56bfc062723c751e8b465ee728b)
Start importing Assets/animation/(Orca)/quadro0000.png using Guid(6f7802d8e24c97b4fbdf7d4ebd0522f5) Importer(815301076,1909f56bfc062723c751e8b465ee728b) [PhysX] Initialized MultithreadedTaskDispatcher with 8 workers.
[PhysX] Initialized MultithreadedTaskDispatcher with 8 workers.
 -> (artifact id: 'e18aa9f55a2a02366b76e5669a1d2946') in 0.040692 seconds
Number of updated asset objects reloaded before import = 0
Number of asset objects unloaded after import = 3
========================================================================
Received Import Request.
  Time since last request: 0.000030 seconds.
  path: Assets/animation/(Orca)/quadro0006.png
  artifactKey: Guid(0516e4e97df931f46b41f5190841c2a5) Importer(815301076,1909f56bfc062723c751e8b465ee728b)
Start importing Assets/animation/(Orca)/quadro0006.png using Guid(0516e4e97df931f46b41f5190841c2a5) Importer(815301076,1909f56bfc062723c751e8b465ee728b) [PhysX] Initialized MultithreadedTaskDispatcher with 8 workers.
[PhysX] Initialized MultithreadedTaskDispatcher with 8 workers.
 -> (artifact id: '23f8cc988b44c2481d327a7c49af5ee6') in 0.039059 seconds
Number of updated asset objects reloaded before import = 0
Number of asset objects unloaded after import = 3
========================================================================
Received Import Request.
  Time since last request: 54.584181 seconds.
  path: Assets/arte/Fonts/chicken_pie/CHICKEN Pie SDF.asset
  artifactKey: Guid(ef3ef0fcd5438a44a801dd53fabc3895) Importer(815301076,1909f56bfc062723c751e8b465ee728b)
Start importing Assets/arte/Fonts/chicken_pie/CHICKEN Pie SDF.asset using Guid(ef3ef0fcd5438a44a801dd53fabc3895) Importer(815301076,1909f56bfc062723c751e8b465ee728b) [PhysX] Initialized MultithreadedTaskDispatcher with 8 workers.
[PhysX] Initialized MultithreadedTaskDispatcher with 8 workers.
[PhysX] Initialized MultithreadedTaskDispatcher with 8 workers.
 -> (artifact id: '12e43cf88797cd52966cf9e81b965293') in 0.106908 seconds
Number of updated asset objects reloaded before import = 0
Number of asset objects unloaded after import = 6
Editor requested this worker to shutdown with reason: Scaling down because of idle timeout
TcpMessagingSession - receive error: operation aborted. errorcode: 995, details: A operao de E/S foi anulada devido a uma sada de thread ou a uma requisio de aplicativo.
AssetImportWorker is now disconnected from the server
Process exiting
Exiting without the bug reporter. Application will terminate with return code 0